+ [ -w /var/tmp/xdg_runtime_dir_lihaoyu ]
+ [ -d /home/lihaoyu ]
+ rootlesskit=
+ command -v docker-rootlesskit
+ command -v rootlesskit
+ rootlesskit=rootlesskit
+ break
+ [ -z rootlesskit ]
+ : 
+ : 
+ : builtin
+ : auto
+ : auto
+ net=
+ mtu=
+ [ -z  ]
+ command -v slirp4netns
+ slirp4netns --help
+ grep -qw -- --netns-type
+ net=slirp4netns
+ [ -z  ]
+ mtu=65520
+ [ -z slirp4netns ]
+ [ -z 65520 ]
+ dockerd=dockerd
+ [ -z  ]
+ _DOCKERD_ROOTLESS_CHILD=1
+ export _DOCKERD_ROOTLESS_CHILD
+ id -u
+ [ 38211 = 0 ]
+ command -v selinuxenabled
+ exec rootlesskit --net=slirp4netns --mtu=65520 --slirp4netns-sandbox=auto --slirp4netns-seccomp=auto --disable-host-loopback --port-driver=builtin --copy-up=/etc --copy-up=/run --propagation=rslave /apps/tools/rootless-docker/bin/dockerd-rootless.sh --experimental --data-root=/docker-image/docker-container-storage-lihaoyu --storage-driver overlay2
Cannot connect to the Docker daemon at unix:///var/tmp/xdg_runtime_dir_lihaoyu/docker.sock. Is the docker daemon running?
Cannot connect to the Docker daemon at unix:///var/tmp/xdg_runtime_dir_lihaoyu/docker.sock. Is the docker daemon running?
+ [ -w /var/tmp/xdg_runtime_dir_lihaoyu ]
+ [ -d /home/lihaoyu ]
+ rootlesskit=
+ command -v docker-rootlesskit
+ command -v rootlesskit
+ rootlesskit=rootlesskit
+ break
+ [ -z rootlesskit ]
+ : 
+ : 
+ : builtin
+ : auto
+ : auto
+ net=
+ mtu=
+ [ -z  ]
+ command -v slirp4netns
+ slirp4netns --help
+ grep -qw -- --netns-type
+ net=slirp4netns
+ [ -z  ]
+ mtu=65520
+ [ -z slirp4netns ]
+ [ -z 65520 ]
+ dockerd=dockerd
+ [ -z 1 ]
+ [ 1 = 1 ]
+ rm -f /run/docker /run/containerd /run/xtables.lock
+ [ -n  ]
+ stat -c %T -f /etc
+ [ tmpfs = tmpfs ]
+ [ -L /etc/ssl ]
Cannot connect to the Docker daemon at unix:///var/tmp/xdg_runtime_dir_lihaoyu/docker.sock. Is the docker daemon running?
+ realpath /etc/ssl
+ realpath_etc_ssl=/etc/.ro3820763942/ssl
+ rm -f /etc/ssl
+ mkdir /etc/ssl
+ mount --rbind /etc/.ro3820763942/ssl /etc/ssl
+ exec dockerd --experimental --data-root=/docker-image/docker-container-storage-lihaoyu --storage-driver overlay2
Cannot connect to the Docker daemon at unix:///var/tmp/xdg_runtime_dir_lihaoyu/docker.sock. Is the docker daemon running?
Cannot connect to the Docker daemon at unix:///var/tmp/xdg_runtime_dir_lihaoyu/docker.sock. Is the docker daemon running?
Cannot connect to the Docker daemon at unix:///var/tmp/xdg_runtime_dir_lihaoyu/docker.sock. Is the docker daemon running?
Cannot connect to the Docker daemon at unix:///var/tmp/xdg_runtime_dir_lihaoyu/docker.sock. Is the docker daemon running?
Cannot connect to the Docker daemon at unix:///var/tmp/xdg_runtime_dir_lihaoyu/docker.sock. Is the docker daemon running?
Cannot connect to the Docker daemon at unix:///var/tmp/xdg_runtime_dir_lihaoyu/docker.sock. Is the docker daemon running?
Cannot connect to the Docker daemon at unix:///var/tmp/xdg_runtime_dir_lihaoyu/docker.sock. Is the docker daemon running?
Cannot connect to the Docker daemon at unix:///var/tmp/xdg_runtime_dir_lihaoyu/docker.sock. Is the docker daemon running?
Cannot connect to the Docker daemon at unix:///var/tmp/xdg_runtime_dir_lihaoyu/docker.sock. Is the docker daemon running?
Cannot connect to the Docker daemon at unix:///var/tmp/xdg_runtime_dir_lihaoyu/docker.sock. Is the docker daemon running?
Cannot connect to the Docker daemon at unix:///var/tmp/xdg_runtime_dir_lihaoyu/docker.sock. Is the docker daemon running?
Cannot connect to the Docker daemon at unix:///var/tmp/xdg_runtime_dir_lihaoyu/docker.sock. Is the docker daemon running?
Cannot connect to the Docker daemon at unix:///var/tmp/xdg_runtime_dir_lihaoyu/docker.sock. Is the docker daemon running?
Cannot connect to the Docker daemon at unix:///var/tmp/xdg_runtime_dir_lihaoyu/docker.sock. Is the docker daemon running?
Cannot connect to the Docker daemon at unix:///var/tmp/xdg_runtime_dir_lihaoyu/docker.sock. Is the docker daemon running?
Cannot connect to the Docker daemon at unix:///var/tmp/xdg_runtime_dir_lihaoyu/docker.sock. Is the docker daemon running?
Cannot connect to the Docker daemon at unix:///var/tmp/xdg_runtime_dir_lihaoyu/docker.sock. Is the docker daemon running?
Cannot connect to the Docker daemon at unix:///var/tmp/xdg_runtime_dir_lihaoyu/docker.sock. Is the docker daemon running?
Cannot connect to the Docker daemon at unix:///var/tmp/xdg_runtime_dir_lihaoyu/docker.sock. Is the docker daemon running?
Cannot connect to the Docker daemon at unix:///var/tmp/xdg_runtime_dir_lihaoyu/docker.sock. Is the docker daemon running?
Cannot connect to the Docker daemon at unix:///var/tmp/xdg_runtime_dir_lihaoyu/docker.sock. Is the docker daemon running?
Cannot connect to the Docker daemon at unix:///var/tmp/xdg_runtime_dir_lihaoyu/docker.sock. Is the docker daemon running?
time="2024-05-13T15:37:11.894914439+08:00" level=info msg="Starting up"
time="2024-05-13T15:37:11.895005120+08:00" level=warning msg="Running experimental build"
time="2024-05-13T15:37:11.895018748+08:00" level=warning msg="Running in rootless mode. This mode has feature limitations."
time="2024-05-13T15:37:11.895030757+08:00" level=info msg="Running with RootlessKit integration"
time="2024-05-13T15:37:11.895956316+08:00" level=info msg="containerd not running, starting managed containerd"
time="2024-05-13T15:37:11.915467484+08:00" level=info msg="started new containerd process" address=/var/tmp/xdg_runtime_dir_lihaoyu/docker/containerd/containerd.sock module=libcontainerd pid=3341028
time="2024-05-13T15:37:12.110572994+08:00" level=info msg="starting containerd" revision=1677a17964311325ed1c31e2c0a3589ce6d5c30d version=v1.7.1
time="2024-05-13T15:37:12.128341411+08:00" level=info msg="loading plugin \"io.containerd.snapshotter.v1.aufs\"..." type=io.containerd.snapshotter.v1
time="2024-05-13T15:37:12.132299353+08:00" level=info msg="loading plugin \"io.containerd.content.v1.content\"..." type=io.containerd.content.v1
time="2024-05-13T15:37:12.132360327+08:00" level=info msg="loading plugin \"io.containerd.snapshotter.v1.native\"..." type=io.containerd.snapshotter.v1
time="2024-05-13T15:37:12.132412314+08:00" level=info msg="loading plugin \"io.containerd.snapshotter.v1.overlayfs\"..." type=io.containerd.snapshotter.v1
time="2024-05-13T15:37:12.139111628+08:00" level=info msg="loading plugin \"io.containerd.snapshotter.v1.devmapper\"..." type=io.containerd.snapshotter.v1
time="2024-05-13T15:37:12.139293089+08:00" level=warning msg="failed to load plugin io.containerd.snapshotter.v1.devmapper" error="devmapper not configured"
time="2024-05-13T15:37:12.139393426+08:00" level=info msg="loading plugin \"io.containerd.snapshotter.v1.zfs\"..." type=io.containerd.snapshotter.v1
time="2024-05-13T15:37:12.140378911+08:00" level=info msg="skip loading plugin \"io.containerd.snapshotter.v1.zfs\"..." error="path /docker-image/docker-container-storage-lihaoyu/containerd/daemon/io.containerd.snapshotter.v1.zfs must be a zfs filesystem to be used with the zfs snapshotter: skip plugin" type=io.containerd.snapshotter.v1
time="2024-05-13T15:37:12.140534750+08:00" level=info msg="loading plugin \"io.containerd.metadata.v1.bolt\"..." type=io.containerd.metadata.v1
time="2024-05-13T15:37:12.140640870+08:00" level=warning msg="could not use snapshotter devmapper in metadata plugin" error="devmapper not configured"
time="2024-05-13T15:37:12.140741040+08:00" level=info msg="metadata content store policy set" policy=shared
time="2024-05-13T15:37:12.142447763+08:00" level=info msg="loading plugin \"io.containerd.differ.v1.walking\"..." type=io.containerd.differ.v1
time="2024-05-13T15:37:12.142505745+08:00" level=info msg="loading plugin \"io.containerd.event.v1.exchange\"..." type=io.containerd.event.v1
time="2024-05-13T15:37:12.142549898+08:00" level=info msg="loading plugin \"io.containerd.gc.v1.scheduler\"..." type=io.containerd.gc.v1
time="2024-05-13T15:37:12.142654741+08:00" level=info msg="loading plugin \"io.containerd.lease.v1.manager\"..." type=io.containerd.lease.v1
time="2024-05-13T15:37:12.142703480+08:00" level=info msg="loading plugin \"io.containerd.nri.v1.nri\"..." type=io.containerd.nri.v1
time="2024-05-13T15:37:12.142760789+08:00" level=info msg="NRI interface is disabled by configuration."
time="2024-05-13T15:37:12.142803609+08:00" level=info msg="loading plugin \"io.containerd.runtime.v2.task\"..." type=io.containerd.runtime.v2
time="2024-05-13T15:37:12.143564621+08:00" level=error msg="copy shim log after reload" error="read /proc/self/fd/7: file already closed" namespace=moby
time="2024-05-13T15:37:12.143640287+08:00" level=warning msg="cleaning up after shim disconnected" id=6c684d341eb45f812bba6be654fc4b148590bb2b14cae6b77c58e8cdaa89e4da namespace=moby
time="2024-05-13T15:37:12.143665991+08:00" level=info msg="cleaning up dead shim" namespace=moby
time="2024-05-13T15:37:12.453021218+08:00" level=info msg="loading plugin \"io.containerd.runtime.v2.shim\"..." type=io.containerd.runtime.v2
time="2024-05-13T15:37:12.453084289+08:00" level=info msg="loading plugin \"io.containerd.sandbox.store.v1.local\"..." type=io.containerd.sandbox.store.v1
time="2024-05-13T15:37:12.453111008+08:00" level=info msg="loading plugin \"io.containerd.sandbox.controller.v1.local\"..." type=io.containerd.sandbox.controller.v1
time="2024-05-13T15:37:12.453137682+08:00" level=info msg="loading plugin \"io.containerd.streaming.v1.manager\"..." type=io.containerd.streaming.v1
time="2024-05-13T15:37:12.453174276+08:00" level=info msg="loading plugin \"io.containerd.service.v1.introspection-service\"..." type=io.containerd.service.v1
time="2024-05-13T15:37:12.453205358+08:00" level=info msg="loading plugin \"io.containerd.service.v1.containers-service\"..." type=io.containerd.service.v1
time="2024-05-13T15:37:12.453236140+08:00" level=info msg="loading plugin \"io.containerd.service.v1.content-service\"..." type=io.containerd.service.v1
time="2024-05-13T15:37:12.453257797+08:00" level=info msg="loading plugin \"io.containerd.service.v1.diff-service\"..." type=io.containerd.service.v1
time="2024-05-13T15:37:12.453280733+08:00" level=info msg="loading plugin \"io.containerd.service.v1.images-service\"..." type=io.containerd.service.v1
time="2024-05-13T15:37:12.453307428+08:00" level=info msg="loading plugin \"io.containerd.service.v1.namespaces-service\"..." type=io.containerd.service.v1
time="2024-05-13T15:37:12.453328105+08:00" level=info msg="loading plugin \"io.containerd.service.v1.snapshots-service\"..." type=io.containerd.service.v1
time="2024-05-13T15:37:12.453347140+08:00" level=info msg="loading plugin \"io.containerd.runtime.v1.linux\"..." type=io.containerd.runtime.v1
time="2024-05-13T15:37:12.453416581+08:00" level=info msg="loading plugin \"io.containerd.monitor.v1.cgroups\"..." type=io.containerd.monitor.v1
time="2024-05-13T15:37:12.453921131+08:00" level=info msg="loading plugin \"io.containerd.service.v1.tasks-service\"..." type=io.containerd.service.v1
time="2024-05-13T15:37:12.453976414+08:00" level=info msg="loading plugin \"io.containerd.grpc.v1.introspection\"..." type=io.containerd.grpc.v1
time="2024-05-13T15:37:12.454000448+08:00" level=info msg="loading plugin \"io.containerd.transfer.v1.local\"..." type=io.containerd.transfer.v1
time="2024-05-13T15:37:12.454063450+08:00" level=info msg="loading plugin \"io.containerd.internal.v1.restart\"..." type=io.containerd.internal.v1
time="2024-05-13T15:37:12.454202585+08:00" level=info msg="loading plugin \"io.containerd.grpc.v1.containers\"..." type=io.containerd.grpc.v1
time="2024-05-13T15:37:12.454227501+08:00" level=info msg="loading plugin \"io.containerd.grpc.v1.content\"..." type=io.containerd.grpc.v1
time="2024-05-13T15:37:12.454259136+08:00" level=info msg="loading plugin \"io.containerd.grpc.v1.diff\"..." type=io.containerd.grpc.v1
time="2024-05-13T15:37:12.454299228+08:00" level=info msg="loading plugin \"io.containerd.grpc.v1.events\"..." type=io.containerd.grpc.v1
time="2024-05-13T15:37:12.454334722+08:00" level=info msg="loading plugin \"io.containerd.grpc.v1.healthcheck\"..." type=io.containerd.grpc.v1
time="2024-05-13T15:37:12.454366977+08:00" level=info msg="loading plugin \"io.containerd.grpc.v1.images\"..." type=io.containerd.grpc.v1
time="2024-05-13T15:37:12.454397169+08:00" level=info msg="loading plugin \"io.containerd.grpc.v1.leases\"..." type=io.containerd.grpc.v1
time="2024-05-13T15:37:12.454449639+08:00" level=info msg="loading plugin \"io.containerd.grpc.v1.namespaces\"..." type=io.containerd.grpc.v1
time="2024-05-13T15:37:12.454487398+08:00" level=info msg="loading plugin \"io.containerd.internal.v1.opt\"..." type=io.containerd.internal.v1
time="2024-05-13T15:37:12.454543997+08:00" level=info msg="loading plugin \"io.containerd.grpc.v1.sandbox-controllers\"..." type=io.containerd.grpc.v1
time="2024-05-13T15:37:12.454591023+08:00" level=info msg="loading plugin \"io.containerd.grpc.v1.sandboxes\"..." type=io.containerd.grpc.v1
time="2024-05-13T15:37:12.454625078+08:00" level=info msg="loading plugin \"io.containerd.grpc.v1.snapshots\"..." type=io.containerd.grpc.v1
time="2024-05-13T15:37:12.454657336+08:00" level=info msg="loading plugin \"io.containerd.grpc.v1.streaming\"..." type=io.containerd.grpc.v1
time="2024-05-13T15:37:12.454704539+08:00" level=info msg="loading plugin \"io.containerd.grpc.v1.tasks\"..." type=io.containerd.grpc.v1
time="2024-05-13T15:37:12.454731735+08:00" level=info msg="loading plugin \"io.containerd.grpc.v1.transfer\"..." type=io.containerd.grpc.v1
time="2024-05-13T15:37:12.454752121+08:00" level=info msg="loading plugin \"io.containerd.grpc.v1.version\"..." type=io.containerd.grpc.v1
time="2024-05-13T15:37:12.454773948+08:00" level=info msg="loading plugin \"io.containerd.tracing.processor.v1.otlp\"..." type=io.containerd.tracing.processor.v1
time="2024-05-13T15:37:12.454811147+08:00" level=info msg="skip loading plugin \"io.containerd.tracing.processor.v1.otlp\"..." error="no OpenTelemetry endpoint: skip plugin" type=io.containerd.tracing.processor.v1
time="2024-05-13T15:37:12.454830846+08:00" level=info msg="loading plugin \"io.containerd.internal.v1.tracing\"..." type=io.containerd.internal.v1
time="2024-05-13T15:37:12.454851243+08:00" level=info msg="skipping tracing processor initialization (no tracing plugin)" error="no OpenTelemetry endpoint: skip plugin"
time="2024-05-13T15:37:12.455257413+08:00" level=info msg=serving... address=/var/tmp/xdg_runtime_dir_lihaoyu/docker/containerd/containerd-debug.sock
time="2024-05-13T15:37:12.455338864+08:00" level=info msg=serving... address=/var/tmp/xdg_runtime_dir_lihaoyu/docker/containerd/containerd.sock.ttrpc
time="2024-05-13T15:37:12.455410084+08:00" level=info msg=serving... address=/var/tmp/xdg_runtime_dir_lihaoyu/docker/containerd/containerd.sock
time="2024-05-13T15:37:12.455460224+08:00" level=info msg="containerd successfully booted in 0.346085s"
time="2024-05-13T15:37:12.466820439+08:00" level=info msg="[graphdriver] trying configured driver: overlay2"
time="2024-05-13T15:37:12.490466903+08:00" level=info msg="Loading containers: start."
time="2024-05-13T15:37:12.497047183+08:00" level=info msg="skipping firewalld management for rootless mode"
time="2024-05-13T15:37:12.579933542+08:00" level=info msg="Removing stale sandbox d00a260cb46fde1435689c2b625061284ccc6b22d93317fc8186a2316c6afdc1 (6c684d341eb45f812bba6be654fc4b148590bb2b14cae6b77c58e8cdaa89e4da)"
time="2024-05-13T15:37:12.581763278+08:00" level=warning msg="Error (Unable to complete atomic operation, key modified) deleting object [endpoint e1adbdd176b76c9359def59251afd30f3716ae946f8ec4324cedf64d088f6f28 a12468399b6ecfd642f5e358bf481cfbbb3ddcf62970935d262a73e974f8bc40], retrying...."
time="2024-05-13T15:37:12.605623944+08:00" level=info msg="Default bridge (docker0) is assigned with an IP address 172.17.0.0/16. Daemon option --bip can be used to set a preferred IP address"
time="2024-05-13T15:37:12.639594437+08:00" level=info msg="Loading containers: done."
time="2024-05-13T15:37:12.647686610+08:00" level=warning msg="Not using native diff for overlay2, this may cause degraded performance for building images: running in a user namespace" storage-driver=overlay2
time="2024-05-13T15:37:12.647840010+08:00" level=warning msg="WARNING: Running in rootless-mode without cgroups. To enable cgroups in rootless-mode, you need to boot the system in cgroup v2 mode."
time="2024-05-13T15:37:12.647875452+08:00" level=info msg="Docker daemon" commit=a61e2b4 graphdriver=overlay2 version=24.0.5
time="2024-05-13T15:37:12.647936490+08:00" level=info msg="Daemon has completed initialization"
time="2024-05-13T15:37:12.680731837+08:00" level=info msg="API listen on /var/tmp/xdg_runtime_dir_lihaoyu/docker.sock"
43ef59c5a433044f65b7462d3774dc2e10848f80e3007ff3cb7b1d38c4a21e9d
time="2024-05-13T15:37:12.757899666+08:00" level=info msg="loading plugin \"io.containerd.internal.v1.shutdown\"..." runtime=io.containerd.runc.v2 type=io.containerd.internal.v1
time="2024-05-13T15:37:12.758125659+08:00" level=info msg="loading plugin \"io.containerd.ttrpc.v1.pause\"..." runtime=io.containerd.runc.v2 type=io.containerd.ttrpc.v1
time="2024-05-13T15:37:12.758190267+08:00" level=info msg="loading plugin \"io.containerd.event.v1.publisher\"..." runtime=io.containerd.runc.v2 type=io.containerd.event.v1
time="2024-05-13T15:37:12.758236269+08:00" level=info msg="loading plugin \"io.containerd.ttrpc.v1.task\"..." runtime=io.containerd.runc.v2 type=io.containerd.ttrpc.v1
the input device is not a TTY
time="2024-05-13T15:38:22.831577777+08:00" level=info msg="loading plugin \"io.containerd.internal.v1.shutdown\"..." runtime=io.containerd.runc.v2 type=io.containerd.internal.v1
time="2024-05-13T15:38:22.831765316+08:00" level=info msg="loading plugin \"io.containerd.ttrpc.v1.pause\"..." runtime=io.containerd.runc.v2 type=io.containerd.ttrpc.v1
time="2024-05-13T15:38:22.831795597+08:00" level=info msg="loading plugin \"io.containerd.event.v1.publisher\"..." runtime=io.containerd.runc.v2 type=io.containerd.event.v1
time="2024-05-13T15:38:22.831815002+08:00" level=info msg="loading plugin \"io.containerd.ttrpc.v1.task\"..." runtime=io.containerd.runc.v2 type=io.containerd.ttrpc.v1
time="2024-05-13T15:38:40.391183303+08:00" level=info msg="Processing signal 'terminated'"
time="2024-05-13T15:38:40.487821793+08:00" level=info msg="ignoring event" container=43ef59c5a433044f65b7462d3774dc2e10848f80e3007ff3cb7b1d38c4a21e9d module=libcontainerd namespace=moby topic=/tasks/delete type="*events.TaskDelete"
time="2024-05-13T15:38:40.488737548+08:00" level=info msg="shim disconnected" id=43ef59c5a433044f65b7462d3774dc2e10848f80e3007ff3cb7b1d38c4a21e9d namespace=moby
time="2024-05-13T15:38:40.488825046+08:00" level=warning msg="cleaning up after shim disconnected" id=43ef59c5a433044f65b7462d3774dc2e10848f80e3007ff3cb7b1d38c4a21e9d namespace=moby
time="2024-05-13T15:38:40.488837767+08:00" level=info msg="cleaning up dead shim" namespace=moby
time="2024-05-13T15:38:40.490196807+08:00" level=info msg="shim disconnected" id=1910241a08dcbd2d5e11bdd6ea49ae3f9cd9f90814581dbd92d4b251e3729249 namespace=moby
time="2024-05-13T15:38:40.490254797+08:00" level=warning msg="cleaning up after shim disconnected" id=1910241a08dcbd2d5e11bdd6ea49ae3f9cd9f90814581dbd92d4b251e3729249 namespace=moby
time="2024-05-13T15:38:40.490271620+08:00" level=info msg="cleaning up dead shim" namespace=moby
time="2024-05-13T15:38:40.490424195+08:00" level=info msg="ignoring event" container=1910241a08dcbd2d5e11bdd6ea49ae3f9cd9f90814581dbd92d4b251e3729249 module=libcontainerd namespace=moby topic=/tasks/delete type="*events.TaskDelete"
time="2024-05-13T15:38:40.893141397+08:00" level=info msg="stopping event stream following graceful shutdown" error="<nil>" module=libcontainerd namespace=moby
time="2024-05-13T15:38:40.894097345+08:00" level=info msg="Daemon shutdown complete"
time="2024-05-13T15:38:40.894202419+08:00" level=info msg="stopping healthcheck following graceful shutdown" module=libcontainerd
time="2024-05-13T15:38:40.894208928+08:00" level=info msg="stopping event stream following graceful shutdown" error="context canceled" module=libcontainerd namespace=plugins.moby
